Using pre-set license
Built from '2022.3/staging' branch; Version is '2022.3.60f1 (5f63fdee6d95) revision 6251517'; Using compiler version '192829333'; Build Type 'Release'
OS: 'Windows 11  (10.0.26100) 64bit Core' Language: 'ko' Physical Memory: 130909 MB
BatchMode: 1, IsHumanControllingUs: 0, StartBugReporterOnCrash: 0, Is64bit: 1, IsPro: 1

COMMAND LINE ARGUMENTS:
C:\Program Files\Unity\Hub\Editor\2022.3.60f1\Editor\Unity.exe
-adb2
-batchMode
-noUpm
-name
AssetImportWorker0
-projectPath
D:/Github/UnityGame/SpriteProject
-logFile
Logs/AssetImportWorker0.log
-srvPort
52435
Successfully changed project path to: D:/Github/UnityGame/SpriteProject
D:/Github/UnityGame/SpriteProject
[UnityMemory] Configuration Parameters - Can be set up in boot.config
    "memorysetup-bucket-allocator-granularity=16"
    "memorysetup-bucket-allocator-bucket-count=8"
    "memorysetup-bucket-allocator-block-size=33554432"
    "memorysetup-bucket-allocator-block-count=8"
    "memorysetup-main-allocator-block-size=16777216"
    "memorysetup-thread-allocator-block-size=16777216"
    "memorysetup-gfx-main-allocator-block-size=16777216"
    "memorysetup-gfx-thread-allocator-block-size=16777216"
    "memorysetup-cache-allocator-block-size=4194304"
    "memorysetup-typetree-allocator-block-size=2097152"
    "memorysetup-profiler-bucket-allocator-granularity=16"
    "memorysetup-profiler-bucket-allocator-bucket-count=8"
    "memorysetup-profiler-bucket-allocator-block-size=33554432"
    "memorysetup-profiler-bucket-allocator-block-count=8"
    "memorysetup-profiler-allocator-block-size=16777216"
    "memorysetup-profiler-editor-allocator-block-size=1048576"
    "memorysetup-temp-allocator-size-main=16777216"
    "memorysetup-job-temp-allocator-block-size=2097152"
    "memorysetup-job-temp-allocator-block-size-background=1048576"
    "memorysetup-job-temp-allocator-reduction-small-platforms=262144"
    "memorysetup-allocator-temp-initial-block-size-main=262144"
    "memorysetup-allocator-temp-initial-block-size-worker=262144"
    "memorysetup-temp-allocator-size-background-worker=32768"
    "memorysetup-temp-allocator-size-job-worker=262144"
    "memorysetup-temp-allocator-size-preload-manager=33554432"
    "memorysetup-temp-allocator-size-nav-mesh-worker=65536"
    "memorysetup-temp-allocator-size-audio-worker=65536"
    "memorysetup-temp-allocator-size-cloud-worker=32768"
    "memorysetup-temp-allocator-size-gi-baking-worker=262144"
    "memorysetup-temp-allocator-size-gfx=262144"
Player connection [35316]  Target information:

Player connection [35316]  * "[IP] 172.21.1.22 [Port] 0 [Flags] 2 [Guid] 2666379652 [EditorId] 2666379652 [Version] 1048832 [Id] WindowsEditor(7,K-2301160047) [Debug] 1 [PackageName] WindowsEditor [ProjectName] Editor" 

Player connection [35316] Host joined multi-casting on [225.0.0.222:54997]...
Player connection [35316] Host joined alternative multi-casting on [225.0.0.222:34997]...
Input System module state changed to: Initialized.
[PhysX] Initialized MultithreadedTaskDispatcher with 32 workers.
Refreshing native plugins compatible for Editor in 3.07 ms, found 3 plugins.
Preloading 0 native plugins for Editor in 0.00 ms.
Initialize engine version: 2022.3.60f1 (5f63fdee6d95)
[Subsystems] Discovering subsystems at path C:/Program Files/Unity/Hub/Editor/2022.3.60f1/Editor/Data/Resources/UnitySubsystems
[Subsystems] Discovering subsystems at path D:/Github/UnityGame/SpriteProject/Assets
GfxDevice: creating device client; threaded=0; jobified=0
Direct3D:
    Version:  Direct3D 11.0 [level 11.1]
    Renderer: NVIDIA GeForce RTX 3060 (ID=0x2487)
    Vendor:   NVIDIA
    VRAM:     12110 MB
    Driver:   32.0.15.7270
Initialize mono
Mono path[0] = 'C:/Program Files/Unity/Hub/Editor/2022.3.60f1/Editor/Data/Managed'
Mono path[1] = 'C:/Program Files/Unity/Hub/Editor/2022.3.60f1/Editor/Data/MonoBleedingEdge/lib/mono/unityjit-win32'
Mono config path = 'C:/Program Files/Unity/Hub/Editor/2022.3.60f1/Editor/Data/MonoBleedingEdge/etc'
Using monoOptions --debugger-agent=transport=dt_socket,embedding=1,server=y,suspend=n,address=127.0.0.1:56776
Begin MonoManager ReloadAssembly
Registering precompiled unity dll's ...
Register platform support module: C:/Program Files/Unity/Hub/Editor/2022.3.60f1/Editor/Data/PlaybackEngines/WindowsStandaloneSupport/UnityEditor.WindowsStandalone.Extensions.dll
Registered in 0.001783 seconds.
- Loaded All Assemblies, in  0.194 seconds
Native extension for WindowsStandalone target not found
Mono: successfully reloaded assembly
- Finished resetting the current domain, in  0.159 seconds
Domain Reload Profiling: 353ms
	BeginReloadAssembly (60ms)
		ExecutionOrderSort (0ms)
		DisableScriptedObjects (0ms)
		BackupInstance (0ms)
		ReleaseScriptingObjects (0ms)
		CreateAndSetChildDomain (0ms)
	RebuildCommonClasses (19ms)
	RebuildNativeTypeToScriptingClass (6ms)
	initialDomainReloadingComplete (27ms)
	LoadAllAssembliesAndSetupDomain (82ms)
		LoadAssemblies (59ms)
		RebuildTransferFunctionScriptingTraits (0ms)
		AnalyzeDomain (81ms)
			TypeCache.Refresh (80ms)
				TypeCache.ScanAssembly (72ms)
			ScanForSourceGeneratedMonoScriptInfo (0ms)
			ResolveRequiredComponents (0ms)
	FinalizeReload (160ms)
		ReleaseScriptCaches (0ms)
		RebuildScriptCaches (0ms)
		SetupLoadedEditorAssemblies (131ms)
			LogAssemblyErrors (0ms)
			InitializePlatformSupportModulesInManaged (6ms)
			SetLoadedEditorAssemblies (5ms)
			RefreshPlugins (0ms)
			BeforeProcessingInitializeOnLoad (1ms)
			ProcessInitializeOnLoadAttributes (90ms)
			ProcessInitializeOnLoadMethodAttributes (29ms)
			AfterProcessingInitializeOnLoad (0ms)
			EditorAssembliesLoaded (0ms)
		ExecutionOrderSort2 (0ms)
		AwakeInstancesAfterBackupRestoration (0ms)
========================================================================
Worker process is ready to serve import requests
Caller must complete domain reload
Begin MonoManager ReloadAssembly
- Loaded All Assemblies, in  0.345 seconds
Native extension for WindowsStandalone target not found
Mono: successfully reloaded assembly
- Finished resetting the current domain, in  0.370 seconds
Domain Reload Profiling: 716ms
	BeginReloadAssembly (79ms)
		ExecutionOrderSort (0ms)
		DisableScriptedObjects (3ms)
		BackupInstance (0ms)
		ReleaseScriptingObjects (0ms)
		CreateAndSetChildDomain (14ms)
	RebuildCommonClasses (19ms)
	RebuildNativeTypeToScriptingClass (6ms)
	initialDomainReloadingComplete (21ms)
	LoadAllAssembliesAndSetupDomain (220ms)
		LoadAssemblies (164ms)
		RebuildTransferFunctionScriptingTraits (0ms)
		AnalyzeDomain (99ms)
			TypeCache.Refresh (85ms)
				TypeCache.ScanAssembly (76ms)
			ScanForSourceGeneratedMonoScriptInfo (10ms)
			ResolveRequiredComponents (3ms)
	FinalizeReload (370ms)
		ReleaseScriptCaches (0ms)
		RebuildScriptCaches (0ms)
		SetupLoadedEditorAssemblies (292ms)
			LogAssemblyErrors (0ms)
			InitializePlatformSupportModulesInManaged (3ms)
			SetLoadedEditorAssemblies (3ms)
			RefreshPlugins (0ms)
			BeforeProcessingInitializeOnLoad (51ms)
			ProcessInitializeOnLoadAttributes (221ms)
			ProcessInitializeOnLoadMethodAttributes (13ms)
			AfterProcessingInitializeOnLoad (1ms)
			EditorAssembliesLoaded (0ms)
		ExecutionOrderSort2 (0ms)
		AwakeInstancesAfterBackupRestoration (4ms)
Launched and connected shader compiler UnityShaderCompiler.exe after 0.03 seconds
Refreshing native plugins compatible for Editor in 1.84 ms, found 3 plugins.
Preloading 0 native plugins for Editor in 0.00 ms.
Unloading 3266 Unused Serialized files (Serialized files now loaded: 0)
Unloading 79 unused Assets / (10.7 MB). Loaded Objects now: 3672.
Memory consumption went from 175.7 MB to 165.0 MB.
Total: 10.761400 ms (FindLiveObjects: 0.382800 ms CreateObjectMapping: 0.107200 ms MarkObjects: 3.405900 ms  DeleteObjects: 6.863600 ms)

AssetImportParameters requested are different than current active one (requested -> active):
  custom:container-demuxer-ogg: 62fdf1f143b41e24485cea50d1cbac27 -> 
  custom:video-codec-MediaFoundation-h265: 746d11721c4dcdbdad8f713fa42b33f4 -> 
  custom:video-decoder-ogg-theora: a1e56fd34408186e4bbccfd4996cb3dc -> 
  custom:framework-win-MediaFoundation: 216162199b28c13a410421893ffa2e32 -> 
  custom:CustomObjectIndexerAttribute: 9a22284fe3817be447336de3de66b15e -> 
  custom:container-demuxer-webm: 4f35f7cbe854078d1ac9338744f61a02 -> 
  custom:container-muxer-webm: aa71ff27fc2769a1b78a27578f13a17b -> 
  custom:video-decoder-webm-vp8: 9c59270c3fd7afecdb556c50c9e8de78 -> 
  custom:SearchIndexIgnoredProperties: e643bd26f0fe6173181afceb89e7c659 -> 
  custom:AudioImporter_EditorPlatform: d09bf68614088b80899f8185d706f6e7 -> 
  custom:video-encoder-webm-vp8: eb34c28f22e8b96e1ab97ce403110664 -> 
  custom:audio-decoder-ogg-vorbis: bf7c407c2cedff20999df2af8eb42d56 -> 
  custom:audio-encoder-webm-vorbis: bf7c407c2cedff20999df2af8eb42d56 -> 
========================================================================
Received Import Request.
  Time since last request: 25220.025829 seconds.
  path: Assets/Popipa/Character_1/Animation/Attack.anim
  artifactKey: Guid(69713c322fcccc0478f02e1432649048) Importer(815301076,1909f56bfc062723c751e8b465ee728b)
Start importing Assets/Popipa/Character_1/Animation/Attack.anim using Guid(69713c322fcccc0478f02e1432649048) Importer(815301076,1909f56bfc062723c751e8b465ee728b) [PhysX] Initialized MultithreadedTaskDispatcher with 32 workers.
 -> (artifact id: '398d073e13adf01db62b4f19be982ea9') in 0.006535 seconds
Number of updated asset objects reloaded before import = 0
Number of asset objects unloaded after import = 1
========================================================================
Received Import Request.
  Time since last request: 0.363691 seconds.
  path: Assets/Popipa/Character_1/Animation/Character1.controller
  artifactKey: Guid(62124788b68b07246aefe73575d505ee) Importer(815301076,1909f56bfc062723c751e8b465ee728b)
Start importing Assets/Popipa/Character_1/Animation/Character1.controller using Guid(62124788b68b07246aefe73575d505ee) Importer(815301076,1909f56bfc062723c751e8b465ee728b) [PhysX] Initialized MultithreadedTaskDispatcher with 32 workers.
 -> (artifact id: '4d46a595bc41886f54b809b80d49cf0e') in 0.003075 seconds
Number of updated asset objects reloaded before import = 0
Number of asset objects unloaded after import = 24
========================================================================
Received Import Request.
  Time since last request: 0.297126 seconds.
  path: Assets/Popipa/Character_1/Animation/Run.anim
  artifactKey: Guid(48ff6d48285c16449996eaa8bfd2f40b) Importer(815301076,1909f56bfc062723c751e8b465ee728b)
Start importing Assets/Popipa/Character_1/Animation/Run.anim using Guid(48ff6d48285c16449996eaa8bfd2f40b) Importer(815301076,1909f56bfc062723c751e8b465ee728b) [PhysX] Initialized MultithreadedTaskDispatcher with 32 workers.
 -> (artifact id: 'c076b10cfdf4b3d25d1f97cca0fa8e12') in 0.000712 seconds
Number of updated asset objects reloaded before import = 0
Number of asset objects unloaded after import = 1
========================================================================
Received Import Request.
  Time since last request: 0.326081 seconds.
  path: Assets/Popipa/Character_1/Animation/Jump.anim
  artifactKey: Guid(4b3d59a1ca0ae444f9c9b73149af6795) Importer(815301076,1909f56bfc062723c751e8b465ee728b)
Start importing Assets/Popipa/Character_1/Animation/Jump.anim using Guid(4b3d59a1ca0ae444f9c9b73149af6795) Importer(815301076,1909f56bfc062723c751e8b465ee728b) [PhysX] Initialized MultithreadedTaskDispatcher with 32 workers.
 -> (artifact id: '9a0e62c596648600acf3cdb2a1876b98') in 0.000744 seconds
Number of updated asset objects reloaded before import = 0
Number of asset objects unloaded after import = 1
========================================================================
Received Import Request.
  Time since last request: 0.674924 seconds.
  path: Assets/Popipa/Character_1/Attack
  artifactKey: Guid(35647734ec61103479fa291d5e37ced5) Importer(815301076,1909f56bfc062723c751e8b465ee728b)
Start importing Assets/Popipa/Character_1/Attack using Guid(35647734ec61103479fa291d5e37ced5) Importer(815301076,1909f56bfc062723c751e8b465ee728b) [PhysX] Initialized MultithreadedTaskDispatcher with 32 workers.
 -> (artifact id: '0cf95101ae18025ddaef199a24bb49b4') in 0.000319 seconds
Number of updated asset objects reloaded before import = 0
Number of asset objects unloaded after import = 0
========================================================================
Received Import Request.
  Time since last request: 1.265825 seconds.
  path: Assets/Popipa/Character_1/Attack/Sword_00001.png
  artifactKey: Guid(c61f86602475cc647b77721d45f49263) Importer(815301076,1909f56bfc062723c751e8b465ee728b)
Start importing Assets/Popipa/Character_1/Attack/Sword_00001.png using Guid(c61f86602475cc647b77721d45f49263) Importer(815301076,1909f56bfc062723c751e8b465ee728b) [PhysX] Initialized MultithreadedTaskDispatcher with 32 workers.
[PhysX] Initialized MultithreadedTaskDispatcher with 32 workers.
 -> (artifact id: 'dbbacedae530dc4d957563942761c7ea') in 0.054987 seconds
Number of updated asset objects reloaded before import = 0
Number of asset objects unloaded after import = 3
========================================================================
Received Import Request.
  Time since last request: 0.259056 seconds.
  path: Assets/Popipa/Character_1/Attack/Sword_00000.png
  artifactKey: Guid(b20e515b40187284283332341135ade6) Importer(815301076,1909f56bfc062723c751e8b465ee728b)
Start importing Assets/Popipa/Character_1/Attack/Sword_00000.png using Guid(b20e515b40187284283332341135ade6) Importer(815301076,1909f56bfc062723c751e8b465ee728b) [PhysX] Initialized MultithreadedTaskDispatcher with 32 workers.
[PhysX] Initialized MultithreadedTaskDispatcher with 32 workers.
 -> (artifact id: '8f924607b4cea001bc7b0799db1d5b91') in 0.011120 seconds
Number of updated asset objects reloaded before import = 0
Number of asset objects unloaded after import = 3
========================================================================
Received Import Request.
  Time since last request: 0.511576 seconds.
  path: Assets/Popipa/Character_1/Attack/Sword_00002.png
  artifactKey: Guid(9583365274f29dc40aaccf04f883f71a) Importer(815301076,1909f56bfc062723c751e8b465ee728b)
Start importing Assets/Popipa/Character_1/Attack/Sword_00002.png using Guid(9583365274f29dc40aaccf04f883f71a) Importer(815301076,1909f56bfc062723c751e8b465ee728b) [PhysX] Initialized MultithreadedTaskDispatcher with 32 workers.
[PhysX] Initialized MultithreadedTaskDispatcher with 32 workers.
 -> (artifact id: '69cc0a23f188d10014319b1bc42f717c') in 0.010453 seconds
Number of updated asset objects reloaded before import = 0
Number of asset objects unloaded after import = 3
========================================================================
Received Import Request.
  Time since last request: 0.329197 seconds.
  path: Assets/Popipa/Character_1/Attack/Sword_00008.png
  artifactKey: Guid(6cc76bb2bf38ec14d9913dcd17e5fbf6) Importer(815301076,1909f56bfc062723c751e8b465ee728b)
Start importing Assets/Popipa/Character_1/Attack/Sword_00008.png using Guid(6cc76bb2bf38ec14d9913dcd17e5fbf6) Importer(815301076,1909f56bfc062723c751e8b465ee728b) [PhysX] Initialized MultithreadedTaskDispatcher with 32 workers.
[PhysX] Initialized MultithreadedTaskDispatcher with 32 workers.
 -> (artifact id: '585fcd1c8413cd30ef2e19c75ea555cc') in 0.010714 seconds
Number of updated asset objects reloaded before import = 0
Number of asset objects unloaded after import = 3
========================================================================
Received Import Request.
  Time since last request: 0.631292 seconds.
  path: Assets/Popipa/Character_1/Attack/Sword_00021.png
  artifactKey: Guid(d063e5838f57cfc48a434fad850e5778) Importer(815301076,1909f56bfc062723c751e8b465ee728b)
Start importing Assets/Popipa/Character_1/Attack/Sword_00021.png using Guid(d063e5838f57cfc48a434fad850e5778) Importer(815301076,1909f56bfc062723c751e8b465ee728b) [PhysX] Initialized MultithreadedTaskDispatcher with 32 workers.
[PhysX] Initialized MultithreadedTaskDispatcher with 32 workers.
 -> (artifact id: '297da9dd6e0d5519450e7ab7e5d4554c') in 0.010264 seconds
Number of updated asset objects reloaded before import = 0
Number of asset objects unloaded after import = 3
========================================================================
Received Import Request.
  Time since last request: 0.328305 seconds.
  path: Assets/Popipa/Character_1/Attack/Sword_00024.png
  artifactKey: Guid(47944918456f5c0479c1ed6c3354e8f6) Importer(815301076,1909f56bfc062723c751e8b465ee728b)
Start importing Assets/Popipa/Character_1/Attack/Sword_00024.png using Guid(47944918456f5c0479c1ed6c3354e8f6) Importer(815301076,1909f56bfc062723c751e8b465ee728b) [PhysX] Initialized MultithreadedTaskDispatcher with 32 workers.
[PhysX] Initialized MultithreadedTaskDispatcher with 32 workers.
 -> (artifact id: '8d2172ec3b8ea3ff5c28a9aa2b9dab05') in 0.010967 seconds
Number of updated asset objects reloaded before import = 0
Number of asset objects unloaded after import = 3
========================================================================
Received Import Request.
  Time since last request: 0.725154 seconds.
  path: Assets/Popipa/Character_1/Attack/Sword_00029.png
  artifactKey: Guid(70bc4fa1453bcc3499f432194faa3a58) Importer(815301076,1909f56bfc062723c751e8b465ee728b)
Start importing Assets/Popipa/Character_1/Attack/Sword_00029.png using Guid(70bc4fa1453bcc3499f432194faa3a58) Importer(815301076,1909f56bfc062723c751e8b465ee728b) [PhysX] Initialized MultithreadedTaskDispatcher with 32 workers.
[PhysX] Initialized MultithreadedTaskDispatcher with 32 workers.
 -> (artifact id: '43f8d512f308811e63cf153db40e8577') in 0.011731 seconds
Number of updated asset objects reloaded before import = 0
Number of asset objects unloaded after import = 3
========================================================================
Received Import Request.
  Time since last request: 0.250901 seconds.
  path: Assets/Popipa/Character_1/Attack/Sword_00030.png
  artifactKey: Guid(4f3db11a94d024441bf5a0287839db0e) Importer(815301076,1909f56bfc062723c751e8b465ee728b)
Start importing Assets/Popipa/Character_1/Attack/Sword_00030.png using Guid(4f3db11a94d024441bf5a0287839db0e) Importer(815301076,1909f56bfc062723c751e8b465ee728b) [PhysX] Initialized MultithreadedTaskDispatcher with 32 workers.
[PhysX] Initialized MultithreadedTaskDispatcher with 32 workers.
 -> (artifact id: '114cfba5ec5d486c18eac88fc7834139') in 0.010787 seconds
Number of updated asset objects reloaded before import = 0
Number of asset objects unloaded after import = 3
========================================================================
Received Import Request.
  Time since last request: 1.452103 seconds.
  path: Assets/Popipa/Character_1/Dead
  artifactKey: Guid(5e3e00df2db17f84c87b2f13b5e29c29) Importer(815301076,1909f56bfc062723c751e8b465ee728b)
Start importing Assets/Popipa/Character_1/Dead using Guid(5e3e00df2db17f84c87b2f13b5e29c29) Importer(815301076,1909f56bfc062723c751e8b465ee728b) [PhysX] Initialized MultithreadedTaskDispatcher with 32 workers.
 -> (artifact id: '889b5f37dd6a12c18b07e88bf3adda47') in 0.000343 seconds
Number of updated asset objects reloaded before import = 0
Number of asset objects unloaded after import = 0
========================================================================
Received Import Request.
  Time since last request: 1.035918 seconds.
  path: Assets/Popipa/Character_1/Dead/Dead_00001.png
  artifactKey: Guid(57c3f6011dd11924e9a3bfecc766821a) Importer(815301076,1909f56bfc062723c751e8b465ee728b)
Start importing Assets/Popipa/Character_1/Dead/Dead_00001.png using Guid(57c3f6011dd11924e9a3bfecc766821a) Importer(815301076,1909f56bfc062723c751e8b465ee728b) [PhysX] Initialized MultithreadedTaskDispatcher with 32 workers.
[PhysX] Initialized MultithreadedTaskDispatcher with 32 workers.
 -> (artifact id: '02337477fa0b82a88f7bfeca31094d6f') in 0.010820 seconds
Number of updated asset objects reloaded before import = 0
Number of asset objects unloaded after import = 3
========================================================================
Received Import Request.
  Time since last request: 0.305841 seconds.
  path: Assets/Popipa/Character_1/Dead/Dead_00000.png
  artifactKey: Guid(a732cb590a2490f4ca45c08f070f1f38) Importer(815301076,1909f56bfc062723c751e8b465ee728b)
Start importing Assets/Popipa/Character_1/Dead/Dead_00000.png using Guid(a732cb590a2490f4ca45c08f070f1f38) Importer(815301076,1909f56bfc062723c751e8b465ee728b) [PhysX] Initialized MultithreadedTaskDispatcher with 32 workers.
[PhysX] Initialized MultithreadedTaskDispatcher with 32 workers.
 -> (artifact id: '0e945e41575e1ca9b63209432f8f0826') in 0.010070 seconds
Number of updated asset objects reloaded before import = 0
Number of asset objects unloaded after import = 3
========================================================================
Received Import Request.
  Time since last request: 0.403688 seconds.
  path: Assets/Popipa/Character_1/Dead/Dead_00014.png
  artifactKey: Guid(18299668886364c4db615f23ce4e0fad) Importer(815301076,1909f56bfc062723c751e8b465ee728b)
Start importing Assets/Popipa/Character_1/Dead/Dead_00014.png using Guid(18299668886364c4db615f23ce4e0fad) Importer(815301076,1909f56bfc062723c751e8b465ee728b) [PhysX] Initialized MultithreadedTaskDispatcher with 32 workers.
[PhysX] Initialized MultithreadedTaskDispatcher with 32 workers.
 -> (artifact id: 'a87eb67addd7116fcf936d06c017d08b') in 0.010580 seconds
Number of updated asset objects reloaded before import = 0
Number of asset objects unloaded after import = 3
========================================================================
Received Import Request.
  Time since last request: 0.454374 seconds.
  path: Assets/Popipa/Character_1/Dead/Dead_00021.png
  artifactKey: Guid(801f82e25abc03b48b5aaf52e34315cf) Importer(815301076,1909f56bfc062723c751e8b465ee728b)
Start importing Assets/Popipa/Character_1/Dead/Dead_00021.png using Guid(801f82e25abc03b48b5aaf52e34315cf) Importer(815301076,1909f56bfc062723c751e8b465ee728b) [PhysX] Initialized MultithreadedTaskDispatcher with 32 workers.
[PhysX] Initialized MultithreadedTaskDispatcher with 32 workers.
 -> (artifact id: '2714e38c60a97e00bbc8cab999d42ecc') in 0.010748 seconds
Number of updated asset objects reloaded before import = 0
Number of asset objects unloaded after import = 3
========================================================================
Received Import Request.
  Time since last request: 2.956213 seconds.
  path: Assets/Popipa/Character_2/Animation
  artifactKey: Guid(fd60921eebac45641991c62a99d861c4) Importer(815301076,1909f56bfc062723c751e8b465ee728b)
Start importing Assets/Popipa/Character_2/Animation using Guid(fd60921eebac45641991c62a99d861c4) Importer(815301076,1909f56bfc062723c751e8b465ee728b) [PhysX] Initialized MultithreadedTaskDispatcher with 32 workers.
 -> (artifact id: 'c7acaa92ea65718dcaf37204fb4334a9') in 0.000342 seconds
Number of updated asset objects reloaded before import = 0
Number of asset objects unloaded after import = 0
========================================================================
Received Import Request.
  Time since last request: 1.087816 seconds.
  path: Assets/Popipa/Character_2/Animation/Charater2.controller
  artifactKey: Guid(bb4692b881f00d94eb7298c9232aa7e9) Importer(815301076,1909f56bfc062723c751e8b465ee728b)
Start importing Assets/Popipa/Character_2/Animation/Charater2.controller using Guid(bb4692b881f00d94eb7298c9232aa7e9) Importer(815301076,1909f56bfc062723c751e8b465ee728b) [PhysX] Initialized MultithreadedTaskDispatcher with 32 workers.
 -> (artifact id: '118c8470fd808e8f09c6a8831825a953') in 0.003193 seconds
Number of updated asset objects reloaded before import = 0
Number of asset objects unloaded after import = 20
========================================================================
Received Import Request.
  Time since last request: 0.244696 seconds.
  path: Assets/Popipa/Character_2/Animation/Attack.anim
  artifactKey: Guid(c17ffa81bad6e47408e7989a29c84235) Importer(815301076,1909f56bfc062723c751e8b465ee728b)
Start importing Assets/Popipa/Character_2/Animation/Attack.anim using Guid(c17ffa81bad6e47408e7989a29c84235) Importer(815301076,1909f56bfc062723c751e8b465ee728b) [PhysX] Initialized MultithreadedTaskDispatcher with 32 workers.
 -> (artifact id: '7c6a3039e0e6489411511e38d44b50f1') in 0.000799 seconds
Number of updated asset objects reloaded before import = 0
Number of asset objects unloaded after import = 1
========================================================================
Received Import Request.
  Time since last request: 1.695816 seconds.
  path: Assets/Popipa/Character_2/attack/Hit_00000.png
  artifactKey: Guid(6976560513dc2ef40859b5640b76a114) Importer(815301076,1909f56bfc062723c751e8b465ee728b)
Start importing Assets/Popipa/Character_2/attack/Hit_00000.png using Guid(6976560513dc2ef40859b5640b76a114) Importer(815301076,1909f56bfc062723c751e8b465ee728b) [PhysX] Initialized MultithreadedTaskDispatcher with 32 workers.
[PhysX] Initialized MultithreadedTaskDispatcher with 32 workers.
 -> (artifact id: 'ddbfad288ad97f0b386e3bce8240954c') in 0.010967 seconds
Number of updated asset objects reloaded before import = 0
Number of asset objects unloaded after import = 3
========================================================================
Received Import Request.
  Time since last request: 0.315316 seconds.
  path: Assets/Popipa/Character_2/attack/Hit_00004.png
  artifactKey: Guid(be205c30ef48b3942bea763823cf44bb) Importer(815301076,1909f56bfc062723c751e8b465ee728b)
Start importing Assets/Popipa/Character_2/attack/Hit_00004.png using Guid(be205c30ef48b3942bea763823cf44bb) Importer(815301076,1909f56bfc062723c751e8b465ee728b) [PhysX] Initialized MultithreadedTaskDispatcher with 32 workers.
[PhysX] Initialized MultithreadedTaskDispatcher with 32 workers.
 -> (artifact id: 'a6cda8b43d2ef8c8465bd3b31aa041a2') in 0.011391 seconds
Number of updated asset objects reloaded before import = 0
Number of asset objects unloaded after import = 3
========================================================================
Received Import Request.
  Time since last request: 1.037765 seconds.
  path: Assets/Popipa/Character_2/attack/Hit_00001.png
  artifactKey: Guid(89e8ad6727b69b44a891c1b58ba16ddd) Importer(815301076,1909f56bfc062723c751e8b465ee728b)
Start importing Assets/Popipa/Character_2/attack/Hit_00001.png using Guid(89e8ad6727b69b44a891c1b58ba16ddd) Importer(815301076,1909f56bfc062723c751e8b465ee728b) [PhysX] Initialized MultithreadedTaskDispatcher with 32 workers.
[PhysX] Initialized MultithreadedTaskDispatcher with 32 workers.
 -> (artifact id: '9c0590383e4e37bedd2d98f12c0928b9') in 0.012283 seconds
Number of updated asset objects reloaded before import = 0
Number of asset objects unloaded after import = 3
========================================================================
Received Import Request.
  Time since last request: 0.417358 seconds.
  path: Assets/Popipa/Character_2/attack/Hit_00023.png
  artifactKey: Guid(da200914e48349b42a93af9ffdaf4c31) Importer(815301076,1909f56bfc062723c751e8b465ee728b)
Start importing Assets/Popipa/Character_2/attack/Hit_00023.png using Guid(da200914e48349b42a93af9ffdaf4c31) Importer(815301076,1909f56bfc062723c751e8b465ee728b) [PhysX] Initialized MultithreadedTaskDispatcher with 32 workers.
[PhysX] Initialized MultithreadedTaskDispatcher with 32 workers.
 -> (artifact id: 'e76df1bebf3c56898c3dca006d011f0a') in 0.011739 seconds
Number of updated asset objects reloaded before import = 0
Number of asset objects unloaded after import = 3
========================================================================
Received Import Request.
  Time since last request: 0.496398 seconds.
  path: Assets/Popipa/Character_2/attack/Hit_00035.png
  artifactKey: Guid(e88c2f88cea5d8d41a4572ddbe292cdc) Importer(815301076,1909f56bfc062723c751e8b465ee728b)
Start importing Assets/Popipa/Character_2/attack/Hit_00035.png using Guid(e88c2f88cea5d8d41a4572ddbe292cdc) Importer(815301076,1909f56bfc062723c751e8b465ee728b) [PhysX] Initialized MultithreadedTaskDispatcher with 32 workers.
[PhysX] Initialized MultithreadedTaskDispatcher with 32 workers.
 -> (artifact id: 'ce9f8945ab6d0d05809b1d0cf065f6d7') in 0.013817 seconds
Number of updated asset objects reloaded before import = 0
Number of asset objects unloaded after import = 3
========================================================================
Received Import Request.
  Time since last request: 0.533825 seconds.
  path: Assets/Popipa/Character_2/attack/Hit_00036.png
  artifactKey: Guid(ce8aef657cb273247a4ee2935ab8263f) Importer(815301076,1909f56bfc062723c751e8b465ee728b)
Start importing Assets/Popipa/Character_2/attack/Hit_00036.png using Guid(ce8aef657cb273247a4ee2935ab8263f) Importer(815301076,1909f56bfc062723c751e8b465ee728b) [PhysX] Initialized MultithreadedTaskDispatcher with 32 workers.
[PhysX] Initialized MultithreadedTaskDispatcher with 32 workers.
 -> (artifact id: '9fba8baa152f83c59f36dc68e7c09040') in 0.010309 seconds
Number of updated asset objects reloaded before import = 0
Number of asset objects unloaded after import = 3
========================================================================
Received Import Request.
  Time since last request: 0.428693 seconds.
  path: Assets/Popipa/Character_2/attack/Hit_00024.png
  artifactKey: Guid(08c927166f0d1a649b63b660f9f5bf0a) Importer(815301076,1909f56bfc062723c751e8b465ee728b)
Start importing Assets/Popipa/Character_2/attack/Hit_00024.png using Guid(08c927166f0d1a649b63b660f9f5bf0a) Importer(815301076,1909f56bfc062723c751e8b465ee728b) [PhysX] Initialized MultithreadedTaskDispatcher with 32 workers.
[PhysX] Initialized MultithreadedTaskDispatcher with 32 workers.
 -> (artifact id: 'dc5ab5da9ea7a2d4aa7fe9b5c6f9969b') in 0.012503 seconds
Number of updated asset objects reloaded before import = 0
Number of asset objects unloaded after import = 3
========================================================================
Received Import Request.
  Time since last request: 0.263099 seconds.
  path: Assets/Popipa/Character_2/attack/Hit_00016.png
  artifactKey: Guid(f472cbd8ce29f0640b6660e813cd71f2) Importer(815301076,1909f56bfc062723c751e8b465ee728b)
Start importing Assets/Popipa/Character_2/attack/Hit_00016.png using Guid(f472cbd8ce29f0640b6660e813cd71f2) Importer(815301076,1909f56bfc062723c751e8b465ee728b) [PhysX] Initialized MultithreadedTaskDispatcher with 32 workers.
[PhysX] Initialized MultithreadedTaskDispatcher with 32 workers.
 -> (artifact id: '4f38a91ed3f79dfd42f7bb37b26a00da') in 0.011503 seconds
Number of updated asset objects reloaded before import = 0
Number of asset objects unloaded after import = 3
========================================================================
Received Import Request.
  Time since last request: 0.372064 seconds.
  path: Assets/Popipa/Character_2/attack/Hit_00013.png
  artifactKey: Guid(ed54bb31b619f094f97a227d820f8502) Importer(815301076,1909f56bfc062723c751e8b465ee728b)
Start importing Assets/Popipa/Character_2/attack/Hit_00013.png using Guid(ed54bb31b619f094f97a227d820f8502) Importer(815301076,1909f56bfc062723c751e8b465ee728b) [PhysX] Initialized MultithreadedTaskDispatcher with 32 workers.
[PhysX] Initialized MultithreadedTaskDispatcher with 32 workers.
 -> (artifact id: 'dffb6c651b0acf2655cb54b570bd1d2c') in 0.011145 seconds
Number of updated asset objects reloaded before import = 0
Number of asset objects unloaded after import = 3
========================================================================
Received Import Request.
  Time since last request: 2.005545 seconds.
  path: Assets/Popipa/Character_2
  artifactKey: Guid(5bf818a3703db7141b8492a144c94446) Importer(815301076,1909f56bfc062723c751e8b465ee728b)
Start importing Assets/Popipa/Character_2 using Guid(5bf818a3703db7141b8492a144c94446) Importer(815301076,1909f56bfc062723c751e8b465ee728b) [PhysX] Initialized MultithreadedTaskDispatcher with 32 workers.
 -> (artifact id: '76e37b33ae7120a9464c763ad401b891') in 0.000360 seconds
Number of updated asset objects reloaded before import = 0
Number of asset objects unloaded after import = 0
========================================================================
Received Import Request.
  Time since last request: 4.011319 seconds.
  path: Assets/Popipa/Scene
  artifactKey: Guid(f356eba1eb6e77d46b44faf1731f9adc) Importer(815301076,1909f56bfc062723c751e8b465ee728b)
Start importing Assets/Popipa/Scene using Guid(f356eba1eb6e77d46b44faf1731f9adc) Importer(815301076,1909f56bfc062723c751e8b465ee728b) [PhysX] Initialized MultithreadedTaskDispatcher with 32 workers.
 -> (artifact id: '0b36197f960423269712f8a64e4f8c4d') in 0.000403 seconds
Number of updated asset objects reloaded before import = 0
Number of asset objects unloaded after import = 0
========================================================================
Received Import Request.
  Time since last request: 0.510536 seconds.
  path: Assets/Popipa/Scene/Scene.unity
  artifactKey: Guid(6adf869dd76aca44fbced79681e438f8) Importer(815301076,1909f56bfc062723c751e8b465ee728b)
Start importing Assets/Popipa/Scene/Scene.unity using Guid(6adf869dd76aca44fbced79681e438f8) Importer(815301076,1909f56bfc062723c751e8b465ee728b) [PhysX] Initialized MultithreadedTaskDispatcher with 32 workers.
 -> (artifact id: 'b1b46e2e5f6a300195af4370fff2ff53') in 0.000325 seconds
Number of updated asset objects reloaded before import = 0
Number of asset objects unloaded after import = 0
========================================================================
Received Prepare
Caller must complete domain reload
Begin MonoManager ReloadAssembly
- Loaded All Assemblies, in  0.241 seconds
Native extension for WindowsStandalone target not found
Mono: successfully reloaded assembly
- Finished resetting the current domain, in  0.472 seconds
Domain Reload Profiling: 713ms
	BeginReloadAssembly (86ms)
		ExecutionOrderSort (0ms)
		DisableScriptedObjects (3ms)
		BackupInstance (0ms)
		ReleaseScriptingObjects (0ms)
		CreateAndSetChildDomain (21ms)
	RebuildCommonClasses (19ms)
	RebuildNativeTypeToScriptingClass (7ms)
	initialDomainReloadingComplete (13ms)
	LoadAllAssembliesAndSetupDomain (115ms)
		LoadAssemblies (147ms)
		RebuildTransferFunctionScriptingTraits (0ms)
		AnalyzeDomain (10ms)
			TypeCache.Refresh (6ms)
				TypeCache.ScanAssembly (0ms)
			ScanForSourceGeneratedMonoScriptInfo (0ms)
			ResolveRequiredComponents (3ms)
	FinalizeReload (472ms)
		ReleaseScriptCaches (0ms)
		RebuildScriptCaches (0ms)
		SetupLoadedEditorAssemblies (279ms)
			LogAssemblyErrors (0ms)
			InitializePlatformSupportModulesInManaged (3ms)
			SetLoadedEditorAssemblies (2ms)
			RefreshPlugins (0ms)
			BeforeProcessingInitializeOnLoad (51ms)
			ProcessInitializeOnLoadAttributes (208ms)
			ProcessInitializeOnLoadMethodAttributes (14ms)
			AfterProcessingInitializeOnLoad (1ms)
			EditorAssembliesLoaded (0ms)
		ExecutionOrderSort2 (0ms)
		AwakeInstancesAfterBackupRestoration (5ms)
Refreshing native plugins compatible for Editor in 2.11 ms, found 3 plugins.
Preloading 0 native plugins for Editor in 0.00 ms.
Unloading 3203 Unused Serialized files (Serialized files now loaded: 0)
Unloading 74 unused Assets / (10.7 MB). Loaded Objects now: 3683.
Memory consumption went from 166.2 MB to 155.4 MB.
Total: 12.054600 ms (FindLiveObjects: 0.488100 ms CreateObjectMapping: 0.183300 ms MarkObjects: 4.215000 ms  DeleteObjects: 7.165800 ms)

Prepare: number of updated asset objects reloaded= 0
AssetImportParameters requested are different than current active one (requested -> active):
  custom:container-demuxer-ogg: 62fdf1f143b41e24485cea50d1cbac27 -> 
  custom:video-codec-MediaFoundation-h265: 746d11721c4dcdbdad8f713fa42b33f4 -> 
  custom:video-decoder-ogg-theora: a1e56fd34408186e4bbccfd4996cb3dc -> 
  custom:framework-win-MediaFoundation: 216162199b28c13a410421893ffa2e32 -> 
  custom:CustomObjectIndexerAttribute: 9a22284fe3817be447336de3de66b15e -> 
  custom:container-demuxer-webm: 4f35f7cbe854078d1ac9338744f61a02 -> 
  custom:container-muxer-webm: aa71ff27fc2769a1b78a27578f13a17b -> 
  custom:video-decoder-webm-vp8: 9c59270c3fd7afecdb556c50c9e8de78 -> 
  custom:SearchIndexIgnoredProperties: e643bd26f0fe6173181afceb89e7c659 -> 
  custom:AudioImporter_EditorPlatform: d09bf68614088b80899f8185d706f6e7 -> 
  custom:video-encoder-webm-vp8: eb34c28f22e8b96e1ab97ce403110664 -> 
  custom:audio-decoder-ogg-vorbis: bf7c407c2cedff20999df2af8eb42d56 -> 
  custom:audio-encoder-webm-vorbis: bf7c407c2cedff20999df2af8eb42d56 -> 
========================================================================
Received Import Request.
  Time since last request: 23.680369 seconds.
  path: Assets/Scenes/PlayScene.unity
  artifactKey: Guid(b315271f9acd0ee47a36291dc2fcc61e) Importer(815301076,1909f56bfc062723c751e8b465ee728b)
Start importing Assets/Scenes/PlayScene.unity using Guid(b315271f9acd0ee47a36291dc2fcc61e) Importer(815301076,1909f56bfc062723c751e8b465ee728b) [PhysX] Initialized MultithreadedTaskDispatcher with 32 workers.
 -> (artifact id: 'd4db763df25ef3306c15e5bc51eea3df') in 0.004648 seconds
Number of updated asset objects reloaded before import = 0
Number of asset objects unloaded after import = 0
========================================================================
Received Prepare
Caller must complete domain reload
Begin MonoManager ReloadAssembly
- Loaded All Assemblies, in  0.248 seconds
Native extension for WindowsStandalone target not found
Mono: successfully reloaded assembly
- Finished resetting the current domain, in  0.527 seconds
Domain Reload Profiling: 775ms
	BeginReloadAssembly (84ms)
		ExecutionOrderSort (0ms)
		DisableScriptedObjects (3ms)
		BackupInstance (0ms)
		ReleaseScriptingObjects (0ms)
		CreateAndSetChildDomain (17ms)
	RebuildCommonClasses (18ms)
	RebuildNativeTypeToScriptingClass (5ms)
	initialDomainReloadingComplete (14ms)
	LoadAllAssembliesAndSetupDomain (127ms)
		LoadAssemblies (153ms)
		RebuildTransferFunctionScriptingTraits (0ms)
		AnalyzeDomain (18ms)
			TypeCache.Refresh (7ms)
				TypeCache.ScanAssembly (0ms)
			ScanForSourceGeneratedMonoScriptInfo (6ms)
			ResolveRequiredComponents (3ms)
	FinalizeReload (527ms)
		ReleaseScriptCaches (0ms)
		RebuildScriptCaches (0ms)
		SetupLoadedEditorAssemblies (302ms)
			LogAssemblyErrors (0ms)
			InitializePlatformSupportModulesInManaged (4ms)
			SetLoadedEditorAssemblies (3ms)
			RefreshPlugins (0ms)
			BeforeProcessingInitializeOnLoad (56ms)
			ProcessInitializeOnLoadAttributes (225ms)
			ProcessInitializeOnLoadMethodAttributes (11ms)
			AfterProcessingInitializeOnLoad (2ms)
			EditorAssembliesLoaded (0ms)
		ExecutionOrderSort2 (0ms)
		AwakeInstancesAfterBackupRestoration (5ms)
Refreshing native plugins compatible for Editor in 1.41 ms, found 3 plugins.
Preloading 0 native plugins for Editor in 0.00 ms.
Unloading 3201 Unused Serialized files (Serialized files now loaded: 0)
Unloading 76 unused Assets / (10.7 MB). Loaded Objects now: 3684.
Memory consumption went from 164.6 MB to 153.9 MB.
Total: 11.503300 ms (FindLiveObjects: 0.306900 ms CreateObjectMapping: 0.091200 ms MarkObjects: 2.615800 ms  DeleteObjects: 8.486500 ms)

Prepare: number of updated asset objects reloaded= 0
AssetImportParameters requested are different than current active one (requested -> active):
  custom:container-demuxer-ogg: 62fdf1f143b41e24485cea50d1cbac27 -> 
  custom:video-codec-MediaFoundation-h265: 746d11721c4dcdbdad8f713fa42b33f4 -> 
  custom:video-decoder-ogg-theora: a1e56fd34408186e4bbccfd4996cb3dc -> 
  custom:framework-win-MediaFoundation: 216162199b28c13a410421893ffa2e32 -> 
  custom:CustomObjectIndexerAttribute: 9a22284fe3817be447336de3de66b15e -> 
  custom:container-demuxer-webm: 4f35f7cbe854078d1ac9338744f61a02 -> 
  custom:container-muxer-webm: aa71ff27fc2769a1b78a27578f13a17b -> 
  custom:video-decoder-webm-vp8: 9c59270c3fd7afecdb556c50c9e8de78 -> 
  custom:SearchIndexIgnoredProperties: e643bd26f0fe6173181afceb89e7c659 -> 
  custom:AudioImporter_EditorPlatform: d09bf68614088b80899f8185d706f6e7 -> 
  custom:video-encoder-webm-vp8: eb34c28f22e8b96e1ab97ce403110664 -> 
  custom:audio-decoder-ogg-vorbis: bf7c407c2cedff20999df2af8eb42d56 -> 
  custom:audio-encoder-webm-vorbis: bf7c407c2cedff20999df2af8eb42d56 -> 
  custom:scripting/precompiled-assembly-types:Assembly-CSharp: e6e04c6eb1f128853ffa8b74d25e2391 -> 5a6f75da80b46ce294b7fe6dc750ec9a
========================================================================
Received Import Request.
  Time since last request: 100.161387 seconds.
  path: Assets/PlayerAnimationController.controller
  artifactKey: Guid(de962a3f1615c864cb3bbcb6f305eb25) Importer(815301076,1909f56bfc062723c751e8b465ee728b)
Start importing Assets/PlayerAnimationController.controller using Guid(de962a3f1615c864cb3bbcb6f305eb25) Importer(815301076,1909f56bfc062723c751e8b465ee728b) [PhysX] Initialized MultithreadedTaskDispatcher with 32 workers.
 -> (artifact id: '4ab1bcee77ac6c17f5179e7b7b75246d') in 0.013684 seconds
Number of updated asset objects reloaded before import = 0
Number of asset objects unloaded after import = 12
========================================================================
Received Prepare
Caller must complete domain reload
Begin MonoManager ReloadAssembly
- Loaded All Assemblies, in  0.247 seconds
Native extension for WindowsStandalone target not found
Mono: successfully reloaded assembly
- Finished resetting the current domain, in  0.484 seconds
Domain Reload Profiling: 732ms
	BeginReloadAssembly (90ms)
		ExecutionOrderSort (0ms)
		DisableScriptedObjects (3ms)
		BackupInstance (0ms)
		ReleaseScriptingObjects (0ms)
		CreateAndSetChildDomain (19ms)
	RebuildCommonClasses (17ms)
	RebuildNativeTypeToScriptingClass (5ms)
	initialDomainReloadingComplete (13ms)
	LoadAllAssembliesAndSetupDomain (121ms)
		LoadAssemblies (158ms)
		RebuildTransferFunctionScriptingTraits (0ms)
		AnalyzeDomain (10ms)
			TypeCache.Refresh (4ms)
				TypeCache.ScanAssembly (0ms)
			ScanForSourceGeneratedMonoScriptInfo (0ms)
			ResolveRequiredComponents (3ms)
	FinalizeReload (485ms)
		ReleaseScriptCaches (0ms)
		RebuildScriptCaches (0ms)
		SetupLoadedEditorAssemblies (293ms)
			LogAssemblyErrors (0ms)
			InitializePlatformSupportModulesInManaged (3ms)
			SetLoadedEditorAssemblies (3ms)
			RefreshPlugins (0ms)
			BeforeProcessingInitializeOnLoad (51ms)
			ProcessInitializeOnLoadAttributes (221ms)
			ProcessInitializeOnLoadMethodAttributes (13ms)
			AfterProcessingInitializeOnLoad (2ms)
			EditorAssembliesLoaded (0ms)
		ExecutionOrderSort2 (0ms)
		AwakeInstancesAfterBackupRestoration (5ms)
Refreshing native plugins compatible for Editor in 1.58 ms, found 3 plugins.
Preloading 0 native plugins for Editor in 0.00 ms.
Unloading 3201 Unused Serialized files (Serialized files now loaded: 0)
Unloading 74 unused Assets / (10.8 MB). Loaded Objects now: 3687.
Memory consumption went from 164.7 MB to 153.9 MB.
Total: 10.715800 ms (FindLiveObjects: 0.345500 ms CreateObjectMapping: 0.167000 ms MarkObjects: 2.984400 ms  DeleteObjects: 7.217700 ms)

Prepare: number of updated asset objects reloaded= 0
AssetImportParameters requested are different than current active one (requested -> active):
  custom:container-demuxer-ogg: 62fdf1f143b41e24485cea50d1cbac27 -> 
  custom:video-codec-MediaFoundation-h265: 746d11721c4dcdbdad8f713fa42b33f4 -> 
  custom:video-decoder-ogg-theora: a1e56fd34408186e4bbccfd4996cb3dc -> 
  custom:framework-win-MediaFoundation: 216162199b28c13a410421893ffa2e32 -> 
  custom:CustomObjectIndexerAttribute: 9a22284fe3817be447336de3de66b15e -> 
  custom:container-demuxer-webm: 4f35f7cbe854078d1ac9338744f61a02 -> 
  custom:container-muxer-webm: aa71ff27fc2769a1b78a27578f13a17b -> 
  custom:video-decoder-webm-vp8: 9c59270c3fd7afecdb556c50c9e8de78 -> 
  custom:SearchIndexIgnoredProperties: e643bd26f0fe6173181afceb89e7c659 -> 
  custom:AudioImporter_EditorPlatform: d09bf68614088b80899f8185d706f6e7 -> 
  custom:video-encoder-webm-vp8: eb34c28f22e8b96e1ab97ce403110664 -> 
  custom:audio-decoder-ogg-vorbis: bf7c407c2cedff20999df2af8eb42d56 -> 
  custom:audio-encoder-webm-vorbis: bf7c407c2cedff20999df2af8eb42d56 -> 
  custom:scripting/precompiled-assembly-types:Assembly-CSharp: e6e04c6eb1f128853ffa8b74d25e2391 -> 5a6f75da80b46ce294b7fe6dc750ec9a
